{"/Users/hadisaleh/Desktop/dev/jamaa/epjs/filmus/src/config/config.tsx": {"path":"/Users/hadisaleh/Desktop/dev/jamaa/epjs/filmus/src/config/config.tsx","statementMap":{"0":{"start":{"line":2,"column":13},"end":{"line":2,"column":57}},"1":{"start":{"line":3,"column":13},"end":{"line":3,"column":57}},"2":{"start":{"line":5,"column":13},"end":{"line":5,"column":62}},"3":{"start":{"line":8,"column":13},"end":{"line":9,"column":58}},"4":{"start":{"line":12,"column":13},"end":{"line":13,"column":105}},"5":{"start":{"line":16,"column":13},"end":{"line":17,"column":66}}},"fnMap":{},"branchMap":{},"s":{"0":1,"1":1,"2":1,"3":1,"4":1,"5":1},"f":{},"b":{}}
,"/Users/hadisaleh/Desktop/dev/jamaa/epjs/filmus/src/hooks/useFetch.tsx": {"path":"/Users/hadisaleh/Desktop/dev/jamaa/epjs/filmus/src/hooks/useFetch.tsx","statementMap":{"0":{"start":{"line":1,"column":0},"end":{"line":1,"column":54}},"1":{"start":{"line":16,"column":16},"end":{"line":16,"column":36}},"2":{"start":{"line":19,"column":24},"end":{"line":19,"column":46}},"3":{"start":{"line":21,"column":33},"end":{"line":24,"column":4}},"4":{"start":{"line":27,"column":23},"end":{"line":38,"column":3}},"5":{"start":{"line":28,"column":4},"end":{"line":37,"column":null}},"6":{"start":{"line":30,"column":8},"end":{"line":30,"column":35}},"7":{"start":{"line":32,"column":8},"end":{"line":32,"column":57}},"8":{"start":{"line":34,"column":8},"end":{"line":34,"column":58}},"9":{"start":{"line":36,"column":8},"end":{"line":36,"column":21}},"10":{"start":{"line":40,"column":28},"end":{"line":40,"column":66}},"11":{"start":{"line":42,"column":2},"end":{"line":83,"column":12}},"12":{"start":{"line":44,"column":4},"end":{"line":44,"column":21}},"13":{"start":{"line":44,"column":14},"end":{"line":44,"column":21}},"14":{"start":{"line":46,"column":4},"end":{"line":46,"column":34}},"15":{"start":{"line":48,"column":22},"end":{"line":73,"column":6}},"16":{"start":{"line":48,"column":33},"end":{"line":73,"column":6}},"17":{"start":{"line":49,"column":6},"end":{"line":49,"column":36}},"18":{"start":{"line":52,"column":6},"end":{"line":55,"column":null}},"19":{"start":{"line":53,"column":8},"end":{"line":53,"column":67}},"20":{"start":{"line":54,"column":8},"end":{"line":54,"column":15}},"21":{"start":{"line":57,"column":6},"end":{"line":72,"column":null}},"22":{"start":{"line":58,"column":25},"end":{"line":58,"column":50}},"23":{"start":{"line":59,"column":8},"end":{"line":61,"column":null}},"24":{"start":{"line":60,"column":10},"end":{"line":60,"column":47}},"25":{"start":{"line":63,"column":22},"end":{"line":63,"column":43}},"26":{"start":{"line":64,"column":8},"end":{"line":64,"column":34}},"27":{"start":{"line":65,"column":8},"end":{"line":65,"column":42}},"28":{"start":{"line":65,"column":35},"end":{"line":65,"column":42}},"29":{"start":{"line":67,"column":8},"end":{"line":67,"column":53}},"30":{"start":{"line":69,"column":8},"end":{"line":69,"column":42}},"31":{"start":{"line":69,"column":35},"end":{"line":69,"column":42}},"32":{"start":{"line":71,"column":8},"end":{"line":71,"column":61}},"33":{"start":{"line":75,"column":4},"end":{"line":75,"column":21}},"34":{"start":{"line":79,"column":4},"end":{"line":81,"column":6}},"35":{"start":{"line":80,"column":6},"end":{"line":80,"column":35}},"36":{"start":{"line":85,"column":2},"end":{"line":85,"column":15}},"37":{"start":{"line":88,"column":0},"end":{"line":88,"column":24}}},"fnMap":{"0":{"name":"useFetch","decl":{"start":{"line":15,"column":9},"end":{"line":15,"column":17}},"loc":{"start":{"line":15,"column":66},"end":{"line":86,"column":1}}},"1":{"name":"(anonymous_8)","decl":{"start":{"line":27,"column":23},"end":{"line":27,"column":24}},"loc":{"start":{"line":27,"column":72},"end":{"line":38,"column":3}}},"2":{"name":"(anonymous_9)","decl":{"start":{"line":42,"column":12},"end":{"line":42,"column":15}},"loc":{"start":{"line":42,"column":17},"end":{"line":83,"column":3}}},"3":{"name":"(anonymous_10)","decl":{"start":{"line":48,"column":22},"end":{"line":48,"column":31}},"loc":{"start":{"line":48,"column":33},"end":{"line":73,"column":6}}},"4":{"name":"(anonymous_11)","decl":{"start":{"line":48,"column":33},"end":{"line":48,"column":null}},"loc":{"start":{"line":48,"column":33},"end":{"line":73,"column":5}}},"5":{"name":"(anonymous_12)","decl":{"start":{"line":79,"column":11},"end":{"line":79,"column":14}},"loc":{"start":{"line":79,"column":16},"end":{"line":81,"column":5}}}},"branchMap":{"0":{"loc":{"start":{"line":28,"column":4},"end":{"line":37,"column":null}},"type":"switch","locations":[{"start":{"line":29,"column":6},"end":{"line":30,"column":35}},{"start":{"line":31,"column":6},"end":{"line":32,"column":57}},{"start":{"line":33,"column":6},"end":{"line":34,"column":58}},{"start":{"line":35,"column":6},"end":{"line":36,"column":21}}]},"1":{"loc":{"start":{"line":44,"column":4},"end":{"line":44,"column":21}},"type":"if","locations":[{"start":{"line":44,"column":4},"end":{"line":44,"column":21}}]},"2":{"loc":{"start":{"line":52,"column":6},"end":{"line":55,"column":null}},"type":"if","locations":[{"start":{"line":52,"column":6},"end":{"line":55,"column":null}}]},"3":{"loc":{"start":{"line":59,"column":8},"end":{"line":61,"column":null}},"type":"if","locations":[{"start":{"line":59,"column":8},"end":{"line":61,"column":null}}]},"4":{"loc":{"start":{"line":65,"column":8},"end":{"line":65,"column":42}},"type":"if","locations":[{"start":{"line":65,"column":8},"end":{"line":65,"column":42}}]},"5":{"loc":{"start":{"line":69,"column":8},"end":{"line":69,"column":42}},"type":"if","locations":[{"start":{"line":69,"column":8},"end":{"line":69,"column":42}}]}},"s":{"0":1,"1":1,"2":0,"3":0,"4":0,"5":0,"6":0,"7":0,"8":0,"9":0,"10":0,"11":0,"12":0,"13":0,"14":0,"15":0,"16":0,"17":0,"18":0,"19":0,"20":0,"21":0,"22":0,"23":0,"24":0,"25":0,"26":0,"27":0,"28":0,"29":0,"30":0,"31":0,"32":0,"33":0,"34":0,"35":0,"36":0,"37":1},"f":{"0":1,"1":0,"2":0,"3":0,"4":0,"5":0},"b":{"0":[0,0,0,0],"1":[0],"2":[0],"3":[0],"4":[0],"5":[0]}}
,"/Users/hadisaleh/Desktop/dev/jamaa/epjs/filmus/src/utils/fetchImdb.ts": {"path":"/Users/hadisaleh/Desktop/dev/jamaa/epjs/filmus/src/utils/fetchImdb.ts","statementMap":{"0":{"start":{"line":1,"column":0},"end":{"line":1,"column":44}},"1":{"start":{"line":2,"column":0},"end":{"line":2,"column":41}},"2":{"start":{"line":5,"column":18},"end":{"line":12,"column":1}},"3":{"start":{"line":9,"column":14},"end":{"line":9,"column":48}},"4":{"start":{"line":10,"column":26},"end":{"line":10,"column":57}},"5":{"start":{"line":11,"column":2},"end":{"line":11,"column":25}},"6":{"start":{"line":14,"column":0},"end":{"line":14,"column":25}}},"fnMap":{"0":{"name":"(anonymous_1)","decl":{"start":{"line":5,"column":18},"end":{"line":5,"column":null}},"loc":{"start":{"line":8,"column":46},"end":{"line":12,"column":1}}}},"branchMap":{},"s":{"0":1,"1":1,"2":1,"3":1,"4":1,"5":0,"6":1},"f":{"0":1},"b":{}}
}
