TN:
SF:src/config/config.tsx
FNF:0
FNH:0
DA:2,1
DA:3,1
DA:5,1
DA:8,1
DA:12,1
DA:16,1
LF:6
LH:6
BRF:0
BRH:0
end_of_record
TN:
SF:src/hooks/useFetch.tsx
FN:15,useFetch
FN:27,(anonymous_8)
FN:42,(anonymous_9)
FN:48,(anonymous_10)
FN:48,(anonymous_11)
FN:79,(anonymous_12)
FNF:6
FNH:1
FNDA:1,useFetch
FNDA:0,(anonymous_8)
FNDA:0,(anonymous_9)
FNDA:0,(anonymous_10)
FNDA:0,(anonymous_11)
FNDA:0,(anonymous_12)
DA:1,1
DA:16,1
DA:19,0
DA:21,0
DA:27,0
DA:28,0
DA:30,0
DA:32,0
DA:34,0
DA:36,0
DA:40,0
DA:42,0
DA:44,0
DA:46,0
DA:48,0
DA:49,0
DA:52,0
DA:53,0
DA:54,0
DA:57,0
DA:58,0
DA:59,0
DA:60,0
DA:63,0
DA:64,0
DA:65,0
DA:67,0
DA:69,0
DA:71,0
DA:75,0
DA:79,0
DA:80,0
DA:85,0
DA:88,1
LF:34
LH:3
BRDA:28,0,0,0
BRDA:28,0,1,0
BRDA:28,0,2,0
BRDA:28,0,3,0
BRDA:44,1,0,0
BRDA:52,2,0,0
BRDA:59,3,0,0
BRDA:65,4,0,0
BRDA:69,5,0,0
BRF:9
BRH:0
end_of_record
TN:
SF:src/utils/fetchImdb.ts
FN:5,(anonymous_1)
FNF:1
FNH:1
FNDA:1,(anonymous_1)
DA:1,1
DA:2,1
DA:5,1
DA:9,1
DA:10,1
DA:11,0
DA:14,1
LF:7
LH:6
BRF:0
BRH:0
end_of_record
